Figwheel: focusing on build-ids (app)
[0mCompiling "resources/public/js/app.js" from ["src/cljs" "env/dev/cljs"]...
[32mSuccessfully compiled "resources/public/js/app.js" in 0.187 seconds.[0m
notifying browser that file changed:  resources/public/js/out/goog/deps.js
notifying browser that file changed:  resources/public/js/out/cljs_deps.js
notifying browser that file changed:  /webapp/core.js
notifying browser that file changed:  /webapp/dev.js
[0mCompiling "resources/public/js/app.js" from ["src/cljs" "env/dev/cljs"]...
[32mSuccessfully compiled "resources/public/js/app.js" in 0.225 seconds.[0m
notifying browser that file changed:  /webapp/core.js
notifying browser that file changed:  /webapp/dev.js
[0mCompiling "resources/public/js/app.js" from ["src/cljs" "env/dev/cljs"]...
[32mSuccessfully compiled "resources/public/js/app.js" in 0.224 seconds.[0m
notifying browser that file changed:  /webapp/core.js
notifying browser that file changed:  /webapp/dev.js
[0mCompiling "resources/public/js/app.js" from ["src/cljs" "env/dev/cljs"]...
[32mSuccessfully compiled "resources/public/js/app.js" in 0.214 seconds.[0m
notifying browser that file changed:  /webapp/core.js
notifying browser that file changed:  /webapp/dev.js
sending changed CSS file: resources/public/css/site.css
Figwheel: focusing on build-ids (app)
[0mCompiling "resources/public/js/app.js" from ["src/cljs" "env/dev/cljs"]...
[32mSuccessfully compiled "resources/public/js/app.js" in 0.164 seconds.[0m
notifying browser that file changed:  resources/public/js/out/goog/deps.js
notifying browser that file changed:  resources/public/js/out/cljs_deps.js
notifying browser that file changed:  /webapp/core.js
notifying browser that file changed:  /webapp/dev.js
sending changed CSS file: resources/public/css/bootstrap.min.css
sending changed CSS file: resources/public/css/site.css
sending changed CSS file: resources/public/css/site.css
Figwheel: focusing on build-ids (app)
[0mCompiling "resources/public/js/app.js" from ["src/cljs" "env/dev/cljs"]...
[32mSuccessfully compiled "resources/public/js/app.js" in 0.161 seconds.[0m
notifying browser that file changed:  resources/public/js/out/goog/deps.js
notifying browser that file changed:  resources/public/js/out/cljs_deps.js
notifying browser that file changed:  /webapp/core.js
notifying browser that file changed:  /webapp/dev.js
